arguments: /usr/local/bin/cquery --language-server
Current dir: /home/jonas/shadermania/src
File verbosity level: 9
date       time         ( uptime  ) [ thread name/id ]                   file:line     v| 
2017-12-01 19:42:26.939 (   0.000s) [main thread     ]             loguru.hpp:1971     0| Logging to 'cquery_diagnostics.log', mode: 'w', verbosity: 9
2017-12-01 19:42:26.940 (   0.000s) [querydb         ]        command_line.cc:1431     0| [querydb] Initialize in directory /home/jonas/shadermania/ with uri file:///home/jonas/shadermania/
2017-12-01 19:42:26.940 (   0.000s) [querydb         ]        command_line.cc:1483     0| Using -resource-dir=~/cquery/clang_resource_dir
2017-12-01 19:42:26.940 (   0.000s) [stdout          ]               timer.cc:38       0| [e2e] Running initialize took 0.181ms
2017-12-01 19:42:26.940 (   0.000s) [querydb         ]        command_line.cc:1560     0| Starting 6 indexers
2017-12-01 19:42:26.941 (   0.001s) [querydb         ]             project.cc:238      0| Trying to load compile_commands.json
2017-12-01 19:42:26.941 (   0.001s) [querydb         ]               timer.cc:38       0| compile_commands.json clang time took 0.34ms
2017-12-01 19:42:26.941 (   0.001s) [querydb         ]               timer.cc:38       0| compile_commands.json our time took 0.79ms
2017-12-01 19:42:26.941 (   0.001s) [querydb         ]             project.cc:368      0| angle_include_dir: /usr/lib/x86_64-linux-gnu/mesa/libGL.so.1.2.0/
2017-12-01 19:42:26.941 (   0.001s) [querydb         ]             project.cc:368      0| angle_include_dir: /usr/include/SDL2/
2017-12-01 19:42:26.941 (   0.001s) [querydb         ]               timer.cc:38       0| [perf] Loaded compilation entries (1 files) took 0.222ms
2017-12-01 19:42:26.941 (   0.001s) [querydb         ]               timer.cc:38       0| [perf] Dispatched initial index requests took 0.5ms
2017-12-01 19:42:26.942 (   0.002s) [stdin           ] language_server_api.cc:163    ERR| Unable to find registered handler for method "workspace/didChangeConfiguration"

2017-12-01 19:42:26.942 (   0.002s) [include_scanner ]               timer.cc:38       0| [perf] Scanning for includes took 0.572ms
2017-12-01 19:42:26.942 (   0.002s) [querydb         ]        command_line.cc:118      0| Unable to find file "/home/jonas/shadermania/src/main.cc"
2017-12-01 19:42:26.942 (   0.003s) [querydb         ]               timer.cc:38       0| [querydb] Loading cached index file for DidOpen (blocks CodeLens) took 0.160ms
2017-12-01 19:42:26.942 (   0.003s) [completeparse   ]      clang_complete.cc:288      0| Creating completion session with arguments /usr/bin/c++, -I/usr/include/SDL2, -I/usr/lib/x86_64-linux-gnu/mesa/libGL.so.1.2.0, -std=c++14, -O2, -Wall, -Wunused-variable, -Wunused-parameter, -Wextra, -Wold-style-cast, -Woverloaded-virtual, -pedantic, -g, -xc++, -resource-dir=~/cquery/clang_resource_dir, -fparse-all-comments, -fspell-checking
2017-12-01 19:42:27.213 (   0.273s) [indexer4        ]        command_line.cc:952      0| Parsing /home/jonas/shadermania/src/main.cc
2017-12-01 19:42:27.213 (   0.273s) [indexer3        ]        command_line.cc:919      0| Skipping parse; no timestamp change for /home/jonas/shadermania/src/main.cc
2017-12-01 19:42:27.213 (   0.273s) [indexer3        ]        command_line.cc:933      0| Emitting index result for /usr/include/GL/gl.h (via /home/jonas/shadermania/src/main.cc)
2017-12-01 19:42:27.213 (   0.273s) [indexer3        ]        command_line.cc:933      0| Emitting index result for /usr/include/GL/glext.h (via /home/jonas/shadermania/src/main.cc)
2017-12-01 19:42:27.213 (   0.273s) [indexer3        ]        command_line.cc:933      0| Emitting index result for /usr/include/inttypes.h (via /home/jonas/shadermania/src/main.cc)
2017-12-01 19:42:27.213 (   0.273s) [indexer3        ]        command_line.cc:933      0| Emitting index result for /usr/include/features.h (via /home/jonas/shadermania/src/main.cc)
2017-12-01 19:42:27.213 (   0.273s) [indexer3        ]        command_line.cc:933      0| Emitting index result for /usr/include/x86_64-linux-gnu/sys/cdefs.h (via /home/jonas/shadermania/src/main.cc)
2017-12-01 19:42:27.213 (   0.273s) [indexer3        ]        command_line.cc:933      0| Emitting index result for /usr/include/x86_64-linux-gnu/gnu/stubs.h (via /home/jonas/shadermania/src/main.cc)
2017-12-01 19:42:27.213 (   0.273s) [indexer3        ]        command_line.cc:933      0| Emitting index result for /usr/include/stdint.h (via /home/jonas/shadermania/src/main.cc)
2017-12-01 19:42:27.213 (   0.273s) [indexer3        ]        command_line.cc:933      0| Emitting index result for /usr/include/SDL2/SDL.h (via /home/jonas/shadermania/src/main.cc)
2017-12-01 19:42:27.213 (   0.273s) [indexer3        ]        command_line.cc:933      0| Emitting index result for /usr/include/SDL2/SDL_main.h (via /home/jonas/shadermania/src/main.cc)
2017-12-01 19:42:27.213 (   0.273s) [indexer3        ]        command_line.cc:933      0| Emitting index result for /usr/include/SDL2/SDL_stdinc.h (via /home/jonas/shadermania/src/main.cc)
2017-12-01 19:42:27.213 (   0.273s) [indexer3        ]        command_line.cc:933      0| Emitting index result for /usr/include/SDL2/SDL_config.h (via /home/jonas/shadermania/src/main.cc)
2017-12-01 19:42:27.213 (   0.273s) [indexer3        ]        command_line.cc:933      0| Emitting index result for /usr/include/SDL2/SDL_platform.h (via /home/jonas/shadermania/src/main.cc)
2017-12-01 19:42:27.213 (   0.273s) [indexer3        ]        command_line.cc:933      0| Emitting index result for /usr/include/x86_64-linux-gnu/sys/types.h (via /home/jonas/shadermania/src/main.cc)
2017-12-01 19:42:27.213 (   0.273s) [indexer3        ]        command_line.cc:933      0| Emitting index result for /usr/include/x86_64-linux-gnu/bits/types.h (via /home/jonas/shadermania/src/main.cc)
2017-12-01 19:42:27.213 (   0.273s) [indexer3        ]        command_line.cc:933      0| Emitting index result for /usr/include/time.h (via /home/jonas/shadermania/src/main.cc)
2017-12-01 19:42:27.213 (   0.273s) [indexer3        ]        command_line.cc:933      0| Emitting index result for /usr/include/endian.h (via /home/jonas/shadermania/src/main.cc)
2017-12-01 19:42:27.213 (   0.273s) [indexer3        ]        command_line.cc:933      0| Emitting index result for /usr/include/x86_64-linux-gnu/bits/byteswap.h (via /home/jonas/shadermania/src/main.cc)
2017-12-01 19:42:27.213 (   0.274s) [indexer3        ]        command_line.cc:933      0| Emitting index result for /usr/include/x86_64-linux-gnu/sys/select.h (via /home/jonas/shadermania/src/main.cc)
2017-12-01 19:42:27.213 (   0.274s) [indexer3        ]        command_line.cc:933      0| Emitting index result for /usr/include/x86_64-linux-gnu/bits/select.h (via /home/jonas/shadermania/src/main.cc)
2017-12-01 19:42:27.213 (   0.274s) [indexer3        ]        command_line.cc:933      0| Emitting index result for /usr/include/x86_64-linux-gnu/bits/time.h (via /home/jonas/shadermania/src/main.cc)
2017-12-01 19:42:27.213 (   0.274s) [indexer3        ]        command_line.cc:933      0| Emitting index result for /usr/include/x86_64-linux-gnu/sys/sysmacros.h (via /home/jonas/shadermania/src/main.cc)
2017-12-01 19:42:27.213 (   0.274s) [indexer3        ]        command_line.cc:933      0| Emitting index result for /usr/include/x86_64-linux-gnu/bits/pthreadtypes.h (via /home/jonas/shadermania/src/main.cc)
2017-12-01 19:42:27.213 (   0.274s) [indexer3        ]        command_line.cc:933      0| Emitting index result for /usr/include/stdio.h (via /home/jonas/shadermania/src/main.cc)
2017-12-01 19:42:27.213 (   0.274s) [indexer3        ]        command_line.cc:933      0| Emitting index result for /usr/include/libio.h (via /home/jonas/shadermania/src/main.cc)
2017-12-01 19:42:27.213 (   0.274s) [indexer3        ]        command_line.cc:933      0| Emitting index result for /usr/include/_G_config.h (via /home/jonas/shadermania/src/main.cc)
2017-12-01 19:42:27.213 (   0.274s) [indexer3        ]        command_line.cc:933      0| Emitting index result for /usr/include/stdlib.h (via /home/jonas/shadermania/src/main.cc)
2017-12-01 19:42:27.213 (   0.274s) [indexer3        ]        command_line.cc:933      0| Emitting index result for /usr/include/x86_64-linux-gnu/bits/waitstatus.h (via /home/jonas/shadermania/src/main.cc)
2017-12-01 19:42:27.213 (   0.274s) [indexer3        ]        command_line.cc:933      0| Emitting index result for /usr/include/alloca.h (via /home/jonas/shadermania/src/main.cc)
2017-12-01 19:42:27.213 (   0.274s) [indexer3        ]        command_line.cc:933      0| Emitting index result for /usr/include/string.h (via /home/jonas/shadermania/src/main.cc)
2017-12-01 19:42:27.213 (   0.274s) [indexer3        ]        command_line.cc:933      0| Emitting index result for /usr/include/ctype.h (via /home/jonas/shadermania/src/main.cc)
2017-12-01 19:42:27.213 (   0.274s) [indexer3        ]        command_line.cc:933      0| Emitting index result for /usr/include/math.h (via /home/jonas/shadermania/src/main.cc)
2017-12-01 19:42:27.213 (   0.274s) [indexer3        ]        command_line.cc:933      0| Emitting index result for /usr/include/x86_64-linux-gnu/bits/math-vector.h (via /home/jonas/shadermania/src/main.cc)
2017-12-01 19:42:27.213 (   0.274s) [indexer3        ]        command_line.cc:933      0| Emitting index result for /usr/include/iconv.h (via /home/jonas/shadermania/src/main.cc)
2017-12-01 19:42:27.213 (   0.274s) [indexer3        ]        command_line.cc:933      0| Emitting index result for /usr/include/SDL2/SDL_assert.h (via /home/jonas/shadermania/src/main.cc)
2017-12-01 19:42:27.213 (   0.274s) [indexer3        ]        command_line.cc:933      0| Emitting index result for /usr/include/SDL2/SDL_atomic.h (via /home/jonas/shadermania/src/main.cc)
2017-12-01 19:42:27.213 (   0.274s) [indexer3        ]        command_line.cc:933      0| Emitting index result for /usr/include/SDL2/SDL_audio.h (via /home/jonas/shadermania/src/main.cc)
2017-12-01 19:42:27.213 (   0.274s) [indexer3        ]        command_line.cc:933      0| Emitting index result for /usr/include/SDL2/SDL_error.h (via /home/jonas/shadermania/src/main.cc)
2017-12-01 19:42:27.213 (   0.274s) [indexer3        ]        command_line.cc:933      0| Emitting index result for /usr/include/SDL2/SDL_endian.h (via /home/jonas/shadermania/src/main.cc)
2017-12-01 19:42:27.213 (   0.274s) [indexer3        ]        command_line.cc:933      0| Emitting index result for /usr/include/SDL2/SDL_mutex.h (via /home/jonas/shadermania/src/main.cc)
2017-12-01 19:42:27.213 (   0.274s) [indexer3        ]        command_line.cc:933      0| Emitting index result for /usr/include/SDL2/SDL_thread.h (via /home/jonas/shadermania/src/main.cc)
2017-12-01 19:42:27.213 (   0.274s) [indexer3        ]        command_line.cc:933      0| Emitting index result for /usr/include/SDL2/SDL_rwops.h (via /home/jonas/shadermania/src/main.cc)
2017-12-01 19:42:27.213 (   0.274s) [indexer3        ]        command_line.cc:933      0| Emitting index result for /usr/include/SDL2/SDL_clipboard.h (via /home/jonas/shadermania/src/main.cc)
2017-12-01 19:42:27.213 (   0.274s) [indexer3        ]        command_line.cc:933      0| Emitting index result for /usr/include/SDL2/SDL_cpuinfo.h (via /home/jonas/shadermania/src/main.cc)
2017-12-01 19:42:27.213 (   0.274s) [indexer3        ]        command_line.cc:933      0| Emitting index result for /usr/include/SDL2/SDL_events.h (via /home/jonas/shadermania/src/main.cc)
2017-12-01 19:42:27.213 (   0.274s) [indexer3        ]        command_line.cc:933      0| Emitting index result for /usr/include/SDL2/SDL_video.h (via /home/jonas/shadermania/src/main.cc)
2017-12-01 19:42:27.213 (   0.274s) [indexer3        ]        command_line.cc:933      0| Emitting index result for /usr/include/SDL2/SDL_pixels.h (via /home/jonas/shadermania/src/main.cc)
2017-12-01 19:42:27.213 (   0.274s) [indexer3        ]        command_line.cc:933      0| Emitting index result for /usr/include/SDL2/SDL_rect.h (via /home/jonas/shadermania/src/main.cc)
2017-12-01 19:42:27.213 (   0.274s) [indexer3        ]        command_line.cc:933      0| Emitting index result for /usr/include/SDL2/SDL_surface.h (via /home/jonas/shadermania/src/main.cc)
2017-12-01 19:42:27.213 (   0.274s) [indexer3        ]        command_line.cc:933      0| Emitting index result for /usr/include/SDL2/SDL_blendmode.h (via /home/jonas/shadermania/src/main.cc)
2017-12-01 19:42:27.213 (   0.274s) [indexer3        ]        command_line.cc:933      0| Emitting index result for /usr/include/SDL2/SDL_keyboard.h (via /home/jonas/shadermania/src/main.cc)
2017-12-01 19:42:27.213 (   0.274s) [indexer3        ]        command_line.cc:933      0| Emitting index result for /usr/include/SDL2/SDL_keycode.h (via /home/jonas/shadermania/src/main.cc)
2017-12-01 19:42:27.213 (   0.274s) [indexer3        ]        command_line.cc:933      0| Emitting index result for /usr/include/SDL2/SDL_scancode.h (via /home/jonas/shadermania/src/main.cc)
2017-12-01 19:42:27.213 (   0.274s) [indexer3        ]        command_line.cc:933      0| Emitting index result for /usr/include/SDL2/SDL_mouse.h (via /home/jonas/shadermania/src/main.cc)
2017-12-01 19:42:27.213 (   0.274s) [indexer3        ]        command_line.cc:933      0| Emitting index result for /usr/include/SDL2/SDL_joystick.h (via /home/jonas/shadermania/src/main.cc)
2017-12-01 19:42:27.213 (   0.274s) [indexer3        ]        command_line.cc:933      0| Emitting index result for /usr/include/SDL2/SDL_gamecontroller.h (via /home/jonas/shadermania/src/main.cc)
2017-12-01 19:42:27.213 (   0.274s) [indexer3        ]        command_line.cc:933      0| Emitting index result for /usr/include/SDL2/SDL_quit.h (via /home/jonas/shadermania/src/main.cc)
2017-12-01 19:42:27.213 (   0.274s) [indexer3        ]        command_line.cc:933      0| Emitting index result for /usr/include/SDL2/SDL_gesture.h (via /home/jonas/shadermania/src/main.cc)
2017-12-01 19:42:27.213 (   0.274s) [indexer3        ]        command_line.cc:933      0| Emitting index result for /usr/include/SDL2/SDL_touch.h (via /home/jonas/shadermania/src/main.cc)
2017-12-01 19:42:27.213 (   0.274s) [indexer3        ]        command_line.cc:933      0| Emitting index result for /usr/include/SDL2/SDL_filesystem.h (via /home/jonas/shadermania/src/main.cc)
2017-12-01 19:42:27.213 (   0.274s) [indexer3        ]        command_line.cc:933      0| Emitting index result for /usr/include/SDL2/SDL_haptic.h (via /home/jonas/shadermania/src/main.cc)
2017-12-01 19:42:27.213 (   0.274s) [indexer3        ]        command_line.cc:933      0| Emitting index result for /usr/include/SDL2/SDL_hints.h (via /home/jonas/shadermania/src/main.cc)
2017-12-01 19:42:27.213 (   0.274s) [indexer3        ]        command_line.cc:933      0| Emitting index result for /usr/include/SDL2/SDL_loadso.h (via /home/jonas/shadermania/src/main.cc)
2017-12-01 19:42:27.213 (   0.274s) [indexer3        ]        command_line.cc:933      0| Emitting index result for /usr/include/SDL2/SDL_log.h (via /home/jonas/shadermania/src/main.cc)
2017-12-01 19:42:27.213 (   0.274s) [indexer3        ]        command_line.cc:933      0| Emitting index result for /usr/include/SDL2/SDL_messagebox.h (via /home/jonas/shadermania/src/main.cc)
2017-12-01 19:42:27.213 (   0.274s) [indexer3        ]        command_line.cc:933      0| Emitting index result for /usr/include/SDL2/SDL_power.h (via /home/jonas/shadermania/src/main.cc)
2017-12-01 19:42:27.213 (   0.274s) [indexer3        ]        command_line.cc:933      0| Emitting index result for /usr/include/SDL2/SDL_render.h (via /home/jonas/shadermania/src/main.cc)
2017-12-01 19:42:27.213 (   0.274s) [indexer3        ]        command_line.cc:933      0| Emitting index result for /usr/include/SDL2/SDL_system.h (via /home/jonas/shadermania/src/main.cc)
2017-12-01 19:42:27.213 (   0.274s) [indexer3        ]        command_line.cc:933      0| Emitting index result for /usr/include/SDL2/SDL_timer.h (via /home/jonas/shadermania/src/main.cc)
2017-12-01 19:42:27.213 (   0.274s) [indexer3        ]        command_line.cc:933      0| Emitting index result for /usr/include/SDL2/SDL_version.h (via /home/jonas/shadermania/src/main.cc)
2017-12-01 19:42:27.213 (   0.274s) [indexer3        ]        command_line.cc:933      0| Emitting index result for /usr/include/SDL2/SDL_image.h (via /home/jonas/shadermania/src/main.cc)
2017-12-01 19:42:27.213 (   0.274s) [indexer3        ]        command_line.cc:933      0| Emitting index result for /usr/include/c++/5/iostream (via /home/jonas/shadermania/src/main.cc)
2017-12-01 19:42:27.213 (   0.274s) [indexer3        ]        command_line.cc:933      0| Emitting index result for /usr/include/x86_64-linux-gnu/c++/5/bits/c++config.h (via /home/jonas/shadermania/src/main.cc)
2017-12-01 19:42:27.213 (   0.274s) [indexer3        ]        command_line.cc:933      0| Emitting index result for /usr/include/x86_64-linux-gnu/c++/5/bits/os_defines.h (via /home/jonas/shadermania/src/main.cc)
2017-12-01 19:42:27.213 (   0.274s) [indexer3        ]        command_line.cc:933      0| Emitting index result for /usr/include/c++/5/ostream (via /home/jonas/shadermania/src/main.cc)
2017-12-01 19:42:27.213 (   0.274s) [indexer3        ]        command_line.cc:933      0| Emitting index result for /usr/include/c++/5/ios (via /home/jonas/shadermania/src/main.cc)
2017-12-01 19:42:27.213 (   0.274s) [indexer3        ]        command_line.cc:933      0| Emitting index result for /usr/include/c++/5/iosfwd (via /home/jonas/shadermania/src/main.cc)
2017-12-01 19:42:27.213 (   0.274s) [indexer3        ]        command_line.cc:933      0| Emitting index result for /usr/include/c++/5/bits/stringfwd.h (via /home/jonas/shadermania/src/main.cc)
2017-12-01 19:42:27.213 (   0.274s) [indexer3        ]        command_line.cc:933      0| Emitting index result for /usr/include/c++/5/bits/memoryfwd.h (via /home/jonas/shadermania/src/main.cc)
2017-12-01 19:42:27.213 (   0.274s) [indexer3        ]        command_line.cc:933      0| Emitting index result for /usr/include/c++/5/bits/postypes.h (via /home/jonas/shadermania/src/main.cc)
2017-12-01 19:42:27.213 (   0.274s) [indexer3        ]        command_line.cc:933      0| Emitting index result for /usr/include/c++/5/cwchar (via /home/jonas/shadermania/src/main.cc)
2017-12-01 19:42:27.213 (   0.274s) [indexer3        ]        command_line.cc:933      0| Emitting index result for /usr/include/wchar.h (via /home/jonas/shadermania/src/main.cc)
2017-12-01 19:42:27.214 (   0.274s) [indexer3        ]        command_line.cc:933      0| Emitting index result for /usr/include/c++/5/exception (via /home/jonas/shadermania/src/main.cc)
2017-12-01 19:42:27.214 (   0.274s) [indexer3        ]        command_line.cc:933      0| Emitting index result for /usr/include/c++/5/bits/exception_ptr.h (via /home/jonas/shadermania/src/main.cc)
2017-12-01 19:42:27.214 (   0.274s) [indexer3        ]        command_line.cc:933      0| Emitting index result for /usr/include/c++/5/bits/nested_exception.h (via /home/jonas/shadermania/src/main.cc)
2017-12-01 19:42:27.214 (   0.274s) [indexer3        ]        command_line.cc:933      0| Emitting index result for /usr/include/c++/5/bits/char_traits.h (via /home/jonas/shadermania/src/main.cc)
2017-12-01 19:42:27.214 (   0.274s) [indexer3        ]        command_line.cc:933      0| Emitting index result for /usr/include/c++/5/bits/stl_algobase.h (via /home/jonas/shadermania/src/main.cc)
2017-12-01 19:42:27.214 (   0.274s) [indexer3        ]        command_line.cc:933      0| Emitting index result for /usr/include/c++/5/bits/functexcept.h (via /home/jonas/shadermania/src/main.cc)
2017-12-01 19:42:27.214 (   0.274s) [indexer3        ]        command_line.cc:933      0| Emitting index result for /usr/include/c++/5/bits/cpp_type_traits.h (via /home/jonas/shadermania/src/main.cc)
2017-12-01 19:42:27.214 (   0.274s) [indexer3        ]        command_line.cc:933      0| Emitting index result for /usr/include/c++/5/ext/type_traits.h (via /home/jonas/shadermania/src/main.cc)
2017-12-01 19:42:27.214 (   0.274s) [indexer3        ]        command_line.cc:933      0| Emitting index result for /usr/include/c++/5/ext/numeric_traits.h (via /home/jonas/shadermania/src/main.cc)
2017-12-01 19:42:27.214 (   0.274s) [indexer3        ]        command_line.cc:933      0| Emitting index result for /usr/include/c++/5/bits/stl_pair.h (via /home/jonas/shadermania/src/main.cc)
2017-12-01 19:42:27.214 (   0.274s) [indexer3        ]        command_line.cc:933      0| Emitting index result for /usr/include/c++/5/bits/move.h (via /home/jonas/shadermania/src/main.cc)
2017-12-01 19:42:27.214 (   0.274s) [indexer3        ]        command_line.cc:933      0| Emitting index result for /usr/include/c++/5/bits/concept_check.h (via /home/jonas/shadermania/src/main.cc)
2017-12-01 19:42:27.214 (   0.274s) [indexer3        ]        command_line.cc:933      0| Emitting index result for /usr/include/c++/5/type_traits (via /home/jonas/shadermania/src/main.cc)
2017-12-01 19:42:27.214 (   0.274s) [indexer3        ]        command_line.cc:933      0| Emitting index result for /usr/include/c++/5/bits/stl_iterator_base_types.h (via /home/jonas/shadermania/src/main.cc)
2017-12-01 19:42:27.214 (   0.274s) [indexer3        ]        command_line.cc:933      0| Emitting index result for /usr/include/c++/5/bits/stl_iterator_base_funcs.h (via /home/jonas/shadermania/src/main.cc)
2017-12-01 19:42:27.214 (   0.274s) [indexer3        ]        command_line.cc:933      0| Emitting index result for /usr/include/c++/5/bits/stl_iterator.h (via /home/jonas/shadermania/src/main.cc)
2017-12-01 19:42:27.214 (   0.274s) [indexer3        ]        command_line.cc:933      0| Emitting index result for /usr/include/c++/5/bits/ptr_traits.h (via /home/jonas/shadermania/src/main.cc)
2017-12-01 19:42:27.214 (   0.274s) [indexer3        ]        command_line.cc:933      0| Emitting index result for /usr/include/c++/5/cstdint (via /home/jonas/shadermania/src/main.cc)
2017-12-01 19:42:27.214 (   0.274s) [indexer3        ]        command_line.cc:933      0| Emitting index result for /usr/include/c++/5/bits/localefwd.h (via /home/jonas/shadermania/src/main.cc)
2017-12-01 19:42:27.214 (   0.274s) [indexer3        ]        command_line.cc:933      0| Emitting index result for /usr/include/x86_64-linux-gnu/c++/5/bits/c++locale.h (via /home/jonas/shadermania/src/main.cc)
2017-12-01 19:42:27.214 (   0.274s) [indexer3        ]        command_line.cc:933      0| Emitting index result for /usr/include/c++/5/clocale (via /home/jonas/shadermania/src/main.cc)
2017-12-01 19:42:27.214 (   0.274s) [indexer3        ]        command_line.cc:933      0| Emitting index result for /usr/include/locale.h (via /home/jonas/shadermania/src/main.cc)
2017-12-01 19:42:27.214 (   0.274s) [indexer3        ]        command_line.cc:933      0| Emitting index result for /usr/include/c++/5/cctype (via /home/jonas/shadermania/src/main.cc)
2017-12-01 19:42:27.214 (   0.274s) [indexer3        ]        command_line.cc:933      0| Emitting index result for /usr/include/c++/5/bits/ios_base.h (via /home/jonas/shadermania/src/main.cc)
2017-12-01 19:42:27.214 (   0.274s) [indexer3        ]        command_line.cc:933      0| Emitting index result for /usr/include/c++/5/ext/atomicity.h (via /home/jonas/shadermania/src/main.cc)
2017-12-01 19:42:27.214 (   0.274s) [indexer3        ]        command_line.cc:933      0| Emitting index result for /usr/include/x86_64-linux-gnu/c++/5/bits/gthr.h (via /home/jonas/shadermania/src/main.cc)
2017-12-01 19:42:27.214 (   0.274s) [indexer3        ]        command_line.cc:933      0| Emitting index result for /usr/include/x86_64-linux-gnu/c++/5/bits/gthr-default.h (via /home/jonas/shadermania/src/main.cc)
2017-12-01 19:42:27.214 (   0.274s) [indexer3        ]        command_line.cc:933      0| Emitting index result for /usr/include/pthread.h (via /home/jonas/shadermania/src/main.cc)
2017-12-01 19:42:27.214 (   0.274s) [indexer3        ]        command_line.cc:933      0| Emitting index result for /usr/include/sched.h (via /home/jonas/shadermania/src/main.cc)
2017-12-01 19:42:27.214 (   0.274s) [indexer3        ]        command_line.cc:933      0| Emitting index result for /usr/include/x86_64-linux-gnu/bits/timex.h (via /home/jonas/shadermania/src/main.cc)
2017-12-01 19:42:27.214 (   0.274s) [indexer3        ]        command_line.cc:933      0| Emitting index result for /usr/include/x86_64-linux-gnu/bits/setjmp.h (via /home/jonas/shadermania/src/main.cc)
2017-12-01 19:42:27.214 (   0.274s) [indexer3        ]        command_line.cc:933      0| Emitting index result for /usr/include/c++/5/bits/locale_classes.h (via /home/jonas/shadermania/src/main.cc)
2017-12-01 19:42:27.214 (   0.274s) [indexer3        ]        command_line.cc:933      0| Emitting index result for /usr/include/c++/5/string (via /home/jonas/shadermania/src/main.cc)
2017-12-01 19:42:27.214 (   0.274s) [indexer3        ]        command_line.cc:933      0| Emitting index result for /usr/include/c++/5/bits/allocator.h (via /home/jonas/shadermania/src/main.cc)
2017-12-01 19:42:27.214 (   0.274s) [indexer3        ]        command_line.cc:933      0| Emitting index result for /usr/include/x86_64-linux-gnu/c++/5/bits/c++allocator.h (via /home/jonas/shadermania/src/main.cc)
2017-12-01 19:42:27.214 (   0.274s) [indexer3        ]        command_line.cc:933      0| Emitting index result for /usr/include/c++/5/ext/new_allocator.h (via /home/jonas/shadermania/src/main.cc)
2017-12-01 19:42:27.214 (   0.274s) [indexer3        ]        command_line.cc:933      0| Emitting index result for /usr/include/c++/5/new (via /home/jonas/shadermania/src/main.cc)
2017-12-01 19:42:27.214 (   0.274s) [indexer3        ]        command_line.cc:933      0| Emitting index result for /usr/include/c++/5/bits/ostream_insert.h (via /home/jonas/shadermania/src/main.cc)
2017-12-01 19:42:27.214 (   0.274s) [indexer3        ]        command_line.cc:933      0| Emitting index result for /usr/include/c++/5/bits/stl_function.h (via /home/jonas/shadermania/src/main.cc)
2017-12-01 19:42:27.214 (   0.274s) [indexer3        ]        command_line.cc:933      0| Emitting index result for /usr/include/c++/5/bits/range_access.h (via /home/jonas/shadermania/src/main.cc)
2017-12-01 19:42:27.214 (   0.274s) [indexer3        ]        command_line.cc:933      0| Emitting index result for /usr/include/c++/5/initializer_list (via /home/jonas/shadermania/src/main.cc)
2017-12-01 19:42:27.214 (   0.274s) [indexer3        ]        command_line.cc:933      0| Emitting index result for /usr/include/c++/5/bits/basic_string.h (via /home/jonas/shadermania/src/main.cc)
2017-12-01 19:42:27.214 (   0.274s) [indexer3        ]        command_line.cc:933      0| Emitting index result for /usr/include/c++/5/ext/alloc_traits.h (via /home/jonas/shadermania/src/main.cc)
2017-12-01 19:42:27.214 (   0.274s) [indexer3        ]        command_line.cc:933      0| Emitting index result for /usr/include/c++/5/bits/alloc_traits.h (via /home/jonas/shadermania/src/main.cc)
2017-12-01 19:42:27.214 (   0.274s) [indexer3        ]        command_line.cc:933      0| Emitting index result for /usr/include/c++/5/ext/string_conversions.h (via /home/jonas/shadermania/src/main.cc)
2017-12-01 19:42:27.214 (   0.274s) [indexer3        ]        command_line.cc:933      0| Emitting index result for /usr/include/c++/5/cstdlib (via /home/jonas/shadermania/src/main.cc)
2017-12-01 19:42:27.214 (   0.274s) [indexer3        ]        command_line.cc:933      0| Emitting index result for /usr/include/c++/5/cstdio (via /home/jonas/shadermania/src/main.cc)
2017-12-01 19:42:27.214 (   0.274s) [indexer3        ]        command_line.cc:933      0| Emitting index result for /usr/include/c++/5/cerrno (via /home/jonas/shadermania/src/main.cc)
2017-12-01 19:42:27.214 (   0.274s) [indexer3        ]        command_line.cc:933      0| Emitting index result for /usr/include/errno.h (via /home/jonas/shadermania/src/main.cc)
2017-12-01 19:42:27.214 (   0.274s) [indexer3        ]        command_line.cc:933      0| Emitting index result for /usr/include/x86_64-linux-gnu/bits/errno.h (via /home/jonas/shadermania/src/main.cc)
2017-12-01 19:42:27.214 (   0.274s) [indexer3        ]        command_line.cc:933      0| Emitting index result for /usr/include/linux/errno.h (via /home/jonas/shadermania/src/main.cc)
2017-12-01 19:42:27.214 (   0.274s) [indexer3        ]        command_line.cc:933      0| Emitting index result for /usr/include/x86_64-linux-gnu/asm/errno.h (via /home/jonas/shadermania/src/main.cc)
2017-12-01 19:42:27.214 (   0.274s) [indexer3        ]        command_line.cc:933      0| Emitting index result for /usr/include/asm-generic/errno.h (via /home/jonas/shadermania/src/main.cc)
2017-12-01 19:42:27.214 (   0.274s) [indexer3        ]        command_line.cc:933      0| Emitting index result for /usr/include/c++/5/bits/functional_hash.h (via /home/jonas/shadermania/src/main.cc)
2017-12-01 19:42:27.214 (   0.274s) [indexer3        ]        command_line.cc:933      0| Emitting index result for /usr/include/c++/5/bits/hash_bytes.h (via /home/jonas/shadermania/src/main.cc)
2017-12-01 19:42:27.214 (   0.274s) [indexer3        ]        command_line.cc:933      0| Emitting index result for /usr/include/c++/5/bits/basic_string.tcc (via /home/jonas/shadermania/src/main.cc)
2017-12-01 19:42:27.214 (   0.274s) [indexer3        ]        command_line.cc:933      0| Emitting index result for /usr/include/c++/5/system_error (via /home/jonas/shadermania/src/main.cc)
2017-12-01 19:42:27.214 (   0.274s) [indexer3        ]        command_line.cc:933      0| Emitting index result for /usr/include/x86_64-linux-gnu/c++/5/bits/error_constants.h (via /home/jonas/shadermania/src/main.cc)
2017-12-01 19:42:27.214 (   0.274s) [indexer3        ]        command_line.cc:933      0| Emitting index result for /usr/include/c++/5/stdexcept (via /home/jonas/shadermania/src/main.cc)
2017-12-01 19:42:27.214 (   0.274s) [indexer3        ]        command_line.cc:933      0| Emitting index result for /usr/include/c++/5/streambuf (via /home/jonas/shadermania/src/main.cc)
2017-12-01 19:42:27.214 (   0.274s) [indexer3        ]        command_line.cc:933      0| Emitting index result for /usr/include/c++/5/bits/basic_ios.h (via /home/jonas/shadermania/src/main.cc)
2017-12-01 19:42:27.214 (   0.274s) [indexer3        ]        command_line.cc:933      0| Emitting index result for /usr/include/c++/5/bits/locale_facets.h (via /home/jonas/shadermania/src/main.cc)
2017-12-01 19:42:27.214 (   0.274s) [indexer3        ]        command_line.cc:933      0| Emitting index result for /usr/include/c++/5/cwctype (via /home/jonas/shadermania/src/main.cc)
2017-12-01 19:42:27.214 (   0.274s) [indexer3        ]        command_line.cc:933      0| Emitting index result for /usr/include/wctype.h (via /home/jonas/shadermania/src/main.cc)
2017-12-01 19:42:27.214 (   0.274s) [indexer3        ]        command_line.cc:933      0| Emitting index result for /usr/include/c++/5/bits/streambuf_iterator.h (via /home/jonas/shadermania/src/main.cc)
2017-12-01 19:42:27.214 (   0.274s) [indexer3        ]        command_line.cc:933      0| Emitting index result for /usr/include/c++/5/bits/ostream.tcc (via /home/jonas/shadermania/src/main.cc)
2017-12-01 19:42:27.214 (   0.274s) [indexer3        ]        command_line.cc:933      0| Emitting index result for /usr/include/c++/5/istream (via /home/jonas/shadermania/src/main.cc)
2017-12-01 19:42:27.214 (   0.274s) [indexer3        ]        command_line.cc:933      0| Emitting index result for /usr/include/c++/5/bits/istream.tcc (via /home/jonas/shadermania/src/main.cc)
2017-12-01 19:42:27.214 (   0.274s) [indexer3        ]        command_line.cc:933      0| Emitting index result for /usr/include/x86_64-linux-gnu/bits/sigset.h (via /home/jonas/shadermania/src/main.cc)
2017-12-01 19:42:27.214 (   0.274s) [indexer3        ]        command_line.cc:933      0| Emitting index result for /usr/include/x86_64-linux-gnu/bits/sys_errlist.h (via /home/jonas/shadermania/src/main.cc)
2017-12-01 19:42:27.214 (   0.274s) [indexer3        ]        command_line.cc:933      0| Emitting index result for /usr/include/x86_64-linux-gnu/bits/stdio.h (via /home/jonas/shadermania/src/main.cc)
2017-12-01 19:42:27.214 (   0.274s) [indexer3        ]        command_line.cc:933      0| Emitting index result for /usr/include/x86_64-linux-gnu/bits/waitflags.h (via /home/jonas/shadermania/src/main.cc)
2017-12-01 19:42:27.214 (   0.274s) [indexer3        ]        command_line.cc:933      0| Emitting index result for /usr/include/xlocale.h (via /home/jonas/shadermania/src/main.cc)
2017-12-01 19:42:27.214 (   0.274s) [indexer3        ]        command_line.cc:933      0| Emitting index result for /usr/include/x86_64-linux-gnu/bits/stdlib-bsearch.h (via /home/jonas/shadermania/src/main.cc)
2017-12-01 19:42:27.214 (   0.274s) [indexer3        ]        command_line.cc:933      0| Emitting index result for /usr/include/x86_64-linux-gnu/bits/stdlib-float.h (via /home/jonas/shadermania/src/main.cc)
2017-12-01 19:42:27.214 (   0.274s) [indexer3        ]        command_line.cc:933      0| Emitting index result for /usr/include/x86_64-linux-gnu/bits/mathdef.h (via /home/jonas/shadermania/src/main.cc)
2017-12-01 19:42:27.214 (   0.274s) [indexer3        ]        command_line.cc:933      0| Emitting index result for /usr/include/x86_64-linux-gnu/bits/mathcalls.h (via /home/jonas/shadermania/src/main.cc)
2017-12-01 19:42:27.214 (   0.274s) [indexer3        ]        command_line.cc:933      0| Emitting index result for /usr/include/x86_64-linux-gnu/bits/mathinline.h (via /home/jonas/shadermania/src/main.cc)
2017-12-01 19:42:27.214 (   0.274s) [indexer3        ]        command_line.cc:933      0| Emitting index result for /usr/include/c++/5/debug/debug.h (via /home/jonas/shadermania/src/main.cc)
2017-12-01 19:42:27.214 (   0.274s) [indexer3        ]        command_line.cc:933      0| Emitting index result for /usr/include/c++/5/bits/predefined_ops.h (via /home/jonas/shadermania/src/main.cc)
2017-12-01 19:42:27.214 (   0.274s) [indexer3        ]        command_line.cc:933      0| Emitting index result for /usr/include/x86_64-linux-gnu/bits/sched.h (via /home/jonas/shadermania/src/main.cc)
2017-12-01 19:42:27.214 (   0.274s) [indexer3        ]        command_line.cc:933      0| Emitting index result for /usr/include/x86_64-linux-gnu/c++/5/bits/atomic_word.h (via /home/jonas/shadermania/src/main.cc)
2017-12-01 19:42:27.214 (   0.274s) [indexer3        ]        command_line.cc:933      0| Emitting index result for /usr/include/c++/5/bits/cxxabi_forced.h (via /home/jonas/shadermania/src/main.cc)
2017-12-01 19:42:27.214 (   0.274s) [indexer3        ]        command_line.cc:933      0| Emitting index result for /usr/include/c++/5/backward/binders.h (via /home/jonas/shadermania/src/main.cc)
2017-12-01 19:42:27.214 (   0.274s) [indexer3        ]        command_line.cc:933      0| Emitting index result for /usr/include/c++/5/bits/locale_classes.tcc (via /home/jonas/shadermania/src/main.cc)
2017-12-01 19:42:27.214 (   0.274s) [indexer3        ]        command_line.cc:933      0| Emitting index result for /usr/include/c++/5/bits/streambuf.tcc (via /home/jonas/shadermania/src/main.cc)
2017-12-01 19:42:27.214 (   0.274s) [indexer3        ]        command_line.cc:933      0| Emitting index result for /usr/include/x86_64-linux-gnu/c++/5/bits/ctype_base.h (via /home/jonas/shadermania/src/main.cc)
2017-12-01 19:42:27.214 (   0.274s) [indexer3        ]        command_line.cc:933      0| Emitting index result for /usr/include/x86_64-linux-gnu/c++/5/bits/ctype_inline.h (via /home/jonas/shadermania/src/main.cc)
2017-12-01 19:42:27.214 (   0.274s) [indexer3        ]        command_line.cc:933      0| Emitting index result for /usr/include/c++/5/bits/locale_facets.tcc (via /home/jonas/shadermania/src/main.cc)
2017-12-01 19:42:27.214 (   0.274s) [indexer3        ]        command_line.cc:933      0| Emitting index result for /usr/include/c++/5/bits/basic_ios.tcc (via /home/jonas/shadermania/src/main.cc)
2017-12-01 19:42:27.214 (   0.274s) [indexer0        ]        command_line.cc:1124     0| Built index update for /home/jonas/shadermania/src/main.cc (is_delta=0)
2017-12-01 19:42:27.218 (   0.278s) [indexer5        ]        command_line.cc:1124     0| Built index update for /usr/include/GL/gl.h (is_delta=0)
2017-12-01 19:42:27.219 (   0.279s) [indexer0        ]        command_line.cc:1124     0| Built index update for /usr/include/features.h (is_delta=0)
2017-12-01 19:42:27.219 (   0.279s) [indexer0        ]        command_line.cc:1124     0| Built index update for /usr/include/x86_64-linux-gnu/sys/cdefs.h (is_delta=0)
2017-12-01 19:42:27.219 (   0.279s) [indexer5        ]        command_line.cc:1124     0| Built index update for /usr/include/inttypes.h (is_delta=0)
2017-12-01 19:42:27.219 (   0.279s) [indexer0        ]        command_line.cc:1124     0| Built index update for /usr/include/x86_64-linux-gnu/gnu/stubs.h (is_delta=0)
2017-12-01 19:42:27.219 (   0.279s) [indexer5        ]        command_line.cc:1124     0| Built index update for /usr/include/SDL2/SDL.h (is_delta=0)
2017-12-01 19:42:27.219 (   0.279s) [indexer0        ]        command_line.cc:1124     0| Built index update for /usr/include/stdint.h (is_delta=0)
2017-12-01 19:42:27.219 (   0.279s) [indexer5        ]        command_line.cc:1124     0| Built index update for /usr/include/SDL2/SDL_main.h (is_delta=0)
2017-12-01 19:42:27.219 (   0.279s) [indexer0        ]        command_line.cc:1124     0| Built index update for /usr/include/SDL2/SDL_config.h (is_delta=0)
2017-12-01 19:42:27.219 (   0.279s) [indexer0        ]        command_line.cc:1124     0| Built index update for /usr/include/SDL2/SDL_platform.h (is_delta=0)
2017-12-01 19:42:27.219 (   0.280s) [indexer5        ]        command_line.cc:1124     0| Built index update for /usr/include/SDL2/SDL_stdinc.h (is_delta=0)
2017-12-01 19:42:27.219 (   0.280s) [indexer0        ]        command_line.cc:1124     0| Built index update for /usr/include/x86_64-linux-gnu/sys/types.h (is_delta=0)
2017-12-01 19:42:27.219 (   0.280s) [indexer5        ]        command_line.cc:1124     0| Built index update for /usr/include/time.h (is_delta=0)
2017-12-01 19:42:27.219 (   0.280s) [indexer0        ]        command_line.cc:1124     0| Built index update for /usr/include/x86_64-linux-gnu/bits/types.h (is_delta=0)
2017-12-01 19:42:27.219 (   0.280s) [indexer5        ]        command_line.cc:1124     0| Built index update for /usr/include/endian.h (is_delta=0)
2017-12-01 19:42:27.219 (   0.280s) [indexer5        ]        command_line.cc:1124     0| Built index update for /usr/include/x86_64-linux-gnu/bits/byteswap.h (is_delta=0)
2017-12-01 19:42:27.219 (   0.280s) [indexer5        ]        command_line.cc:1124     0| Built index update for /usr/include/x86_64-linux-gnu/bits/select.h (is_delta=0)
2017-12-01 19:42:27.219 (   0.280s) [indexer0        ]        command_line.cc:1124     0| Built index update for /usr/include/x86_64-linux-gnu/sys/select.h (is_delta=0)
2017-12-01 19:42:27.219 (   0.280s) [indexer5        ]        command_line.cc:1124     0| Built index update for /usr/include/x86_64-linux-gnu/bits/time.h (is_delta=0)
2017-12-01 19:42:27.220 (   0.280s) [indexer0        ]        command_line.cc:1124     0| Built index update for /usr/include/x86_64-linux-gnu/sys/sysmacros.h (is_delta=0)
2017-12-01 19:42:27.220 (   0.280s) [indexer5        ]        command_line.cc:1124     0| Built index update for /usr/include/x86_64-linux-gnu/bits/pthreadtypes.h (is_delta=0)
2017-12-01 19:42:27.220 (   0.280s) [indexer0        ]        command_line.cc:1124     0| Built index update for /usr/include/stdio.h (is_delta=0)
2017-12-01 19:42:27.220 (   0.280s) [indexer0        ]        command_line.cc:1124     0| Built index update for /usr/include/_G_config.h (is_delta=0)
2017-12-01 19:42:27.220 (   0.280s) [indexer5        ]        command_line.cc:1124     0| Built index update for /usr/include/libio.h (is_delta=0)
2017-12-01 19:42:27.220 (   0.280s) [indexer5        ]        command_line.cc:1124     0| Built index update for /usr/include/x86_64-linux-gnu/bits/waitstatus.h (is_delta=0)
2017-12-01 19:42:27.220 (   0.280s) [indexer5        ]        command_line.cc:1124     0| Built index update for /usr/include/alloca.h (is_delta=0)
2017-12-01 19:42:27.220 (   0.280s) [indexer0        ]        command_line.cc:1124     0| Built index update for /usr/include/stdlib.h (is_delta=0)
2017-12-01 19:42:27.220 (   0.280s) [indexer5        ]        command_line.cc:1124     0| Built index update for /usr/include/string.h (is_delta=0)
2017-12-01 19:42:27.220 (   0.281s) [indexer0        ]        command_line.cc:1124     0| Built index update for /usr/include/math.h (is_delta=0)
2017-12-01 19:42:27.220 (   0.281s) [indexer5        ]        command_line.cc:1124     0| Built index update for /usr/include/ctype.h (is_delta=0)
2017-12-01 19:42:27.220 (   0.281s) [indexer0        ]        command_line.cc:1124     0| Built index update for /usr/include/x86_64-linux-gnu/bits/math-vector.h (is_delta=0)
2017-12-01 19:42:27.220 (   0.281s) [indexer0        ]        command_line.cc:1124     0| Built index update for /usr/include/iconv.h (is_delta=0)
2017-12-01 19:42:27.221 (   0.281s) [indexer5        ]        command_line.cc:1124     0| Built index update for /usr/include/SDL2/SDL_assert.h (is_delta=0)
2017-12-01 19:42:27.221 (   0.281s) [indexer0        ]        command_line.cc:1124     0| Built index update for /usr/include/SDL2/SDL_atomic.h (is_delta=0)
2017-12-01 19:42:27.221 (   0.281s) [indexer0        ]        command_line.cc:1124     0| Built index update for /usr/include/SDL2/SDL_error.h (is_delta=0)
2017-12-01 19:42:27.221 (   0.281s) [indexer0        ]        command_line.cc:1124     0| Built index update for /usr/include/SDL2/SDL_endian.h (is_delta=0)
2017-12-01 19:42:27.221 (   0.281s) [indexer5        ]        command_line.cc:1124     0| Built index update for /usr/include/SDL2/SDL_audio.h (is_delta=0)
2017-12-01 19:42:27.221 (   0.281s) [indexer0        ]        command_line.cc:1124     0| Built index update for /usr/include/SDL2/SDL_mutex.h (is_delta=0)
2017-12-01 19:42:27.221 (   0.281s) [indexer5        ]        command_line.cc:1124     0| Built index update for /usr/include/SDL2/SDL_thread.h (is_delta=0)
2017-12-01 19:42:27.221 (   0.281s) [indexer5        ]        command_line.cc:1124     0| Built index update for /usr/include/SDL2/SDL_clipboard.h (is_delta=0)
2017-12-01 19:42:27.221 (   0.281s) [indexer0        ]        command_line.cc:1124     0| Built index update for /usr/include/SDL2/SDL_rwops.h (is_delta=0)
2017-12-01 19:42:27.221 (   0.281s) [indexer5        ]        command_line.cc:1124     0| Built index update for /usr/include/SDL2/SDL_cpuinfo.h (is_delta=0)
2017-12-01 19:42:27.222 (   0.282s) [indexer2        ]        command_line.cc:1124     0| Built index update for /usr/include/SDL2/SDL_events.h (is_delta=0)
2017-12-01 19:42:27.222 (   0.282s) [indexer3        ]        command_line.cc:1124     0| Built index update for /usr/include/SDL2/SDL_video.h (is_delta=0)
2017-12-01 19:42:27.223 (   0.283s) [indexer2        ]        command_line.cc:1124     0| Built index update for /usr/include/SDL2/SDL_rect.h (is_delta=0)
2017-12-01 19:42:27.223 (   0.283s) [indexer2        ]        command_line.cc:1124     0| Built index update for /usr/include/SDL2/SDL_surface.h (is_delta=0)
2017-12-01 19:42:27.223 (   0.283s) [indexer2        ]        command_line.cc:1124     0| Built index update for /usr/include/SDL2/SDL_blendmode.h (is_delta=0)
2017-12-01 19:42:27.223 (   0.283s) [indexer2        ]        command_line.cc:1124     0| Built index update for /usr/include/SDL2/SDL_keyboard.h (is_delta=0)
2017-12-01 19:42:27.223 (   0.284s) [indexer2        ]        command_line.cc:1124     0| Built index update for /usr/include/SDL2/SDL_keycode.h (is_delta=0)
2017-12-01 19:42:27.224 (   0.284s) [indexer5        ]        command_line.cc:1124     0| Built index update for /usr/include/SDL2/SDL_mouse.h (is_delta=0)
2017-12-01 19:42:27.224 (   0.284s) [indexer5        ]        command_line.cc:1124     0| Built index update for /usr/include/SDL2/SDL_joystick.h (is_delta=0)
2017-12-01 19:42:27.224 (   0.285s) [indexer3        ]        command_line.cc:1124     0| Built index update for /usr/include/SDL2/SDL_pixels.h (is_delta=0)
2017-12-01 19:42:27.224 (   0.285s) [indexer5        ]        command_line.cc:1124     0| Built index update for /usr/include/SDL2/SDL_gamecontroller.h (is_delta=0)
2017-12-01 19:42:27.224 (   0.285s) [indexer1        ]        command_line.cc:1124     0| Built index update for /usr/include/GL/glext.h (is_delta=0)
2017-12-01 19:42:27.224 (   0.285s) [indexer5        ]        command_line.cc:1124     0| Built index update for /usr/include/SDL2/SDL_quit.h (is_delta=0)
2017-12-01 19:42:27.225 (   0.285s) [indexer5        ]        command_line.cc:1124     0| Built index update for /usr/include/SDL2/SDL_gesture.h (is_delta=0)
2017-12-01 19:42:27.225 (   0.285s) [indexer5        ]        command_line.cc:1124     0| Built index update for /usr/include/SDL2/SDL_filesystem.h (is_delta=0)
2017-12-01 19:42:27.225 (   0.285s) [indexer3        ]        command_line.cc:1124     0| Built index update for /usr/include/SDL2/SDL_touch.h (is_delta=0)
2017-12-01 19:42:27.225 (   0.285s) [indexer3        ]        command_line.cc:1124     0| Built index update for /usr/include/SDL2/SDL_hints.h (is_delta=0)
2017-12-01 19:42:27.225 (   0.285s) [indexer3        ]        command_line.cc:1124     0| Built index update for /usr/include/SDL2/SDL_loadso.h (is_delta=0)
2017-12-01 19:42:27.225 (   0.285s) [indexer3        ]        command_line.cc:1124     0| Built index update for /usr/include/SDL2/SDL_log.h (is_delta=0)
2017-12-01 19:42:27.225 (   0.285s) [indexer5        ]        command_line.cc:1124     0| Built index update for /usr/include/SDL2/SDL_haptic.h (is_delta=0)
2017-12-01 19:42:27.225 (   0.285s) [indexer3        ]        command_line.cc:1124     0| Built index update for /usr/include/SDL2/SDL_messagebox.h (is_delta=0)
2017-12-01 19:42:27.225 (   0.285s) [indexer2        ]        command_line.cc:1124     0| Built index update for /usr/include/SDL2/SDL_scancode.h (is_delta=0)
2017-12-01 19:42:27.225 (   0.286s) [indexer5        ]        command_line.cc:1124     0| Built index update for /usr/include/SDL2/SDL_power.h (is_delta=0)
2017-12-01 19:42:27.225 (   0.286s) [indexer2        ]        command_line.cc:1124     0| Built index update for /usr/include/SDL2/SDL_system.h (is_delta=0)
2017-12-01 19:42:27.225 (   0.286s) [indexer2        ]        command_line.cc:1124     0| Built index update for /usr/include/SDL2/SDL_timer.h (is_delta=0)
2017-12-01 19:42:27.225 (   0.286s) [indexer2        ]        command_line.cc:1124     0| Built index update for /usr/include/SDL2/SDL_version.h (is_delta=0)
2017-12-01 19:42:27.226 (   0.286s) [indexer5        ]        command_line.cc:1124     0| Built index update for /usr/include/SDL2/SDL_render.h (is_delta=0)
2017-12-01 19:42:27.226 (   0.286s) [indexer2        ]        command_line.cc:1124     0| Built index update for /usr/include/SDL2/SDL_image.h (is_delta=0)
2017-12-01 19:42:27.226 (   0.286s) [indexer5        ]        command_line.cc:1124     0| Built index update for /usr/include/c++/5/iostream (is_delta=0)
2017-12-01 19:42:27.226 (   0.286s) [indexer5        ]        command_line.cc:1124     0| Built index update for /usr/include/x86_64-linux-gnu/c++/5/bits/c++config.h (is_delta=0)
2017-12-01 19:42:27.226 (   0.286s) [indexer2        ]        command_line.cc:1124     0| Built index update for /usr/include/x86_64-linux-gnu/c++/5/bits/os_defines.h (is_delta=0)
2017-12-01 19:42:27.226 (   0.286s) [indexer2        ]        command_line.cc:1124     0| Built index update for /usr/include/c++/5/ios (is_delta=0)
2017-12-01 19:42:27.226 (   0.286s) [indexer2        ]        command_line.cc:1124     0| Built index update for /usr/include/c++/5/iosfwd (is_delta=0)
2017-12-01 19:42:27.226 (   0.286s) [indexer2        ]        command_line.cc:1124     0| Built index update for /usr/include/c++/5/bits/stringfwd.h (is_delta=0)
2017-12-01 19:42:27.226 (   0.286s) [indexer2        ]        command_line.cc:1124     0| Built index update for /usr/include/c++/5/bits/memoryfwd.h (is_delta=0)
2017-12-01 19:42:27.226 (   0.286s) [indexer5        ]        command_line.cc:1124     0| Built index update for /usr/include/c++/5/ostream (is_delta=0)
2017-12-01 19:42:27.226 (   0.286s) [indexer2        ]        command_line.cc:1124     0| Built index update for /usr/include/c++/5/bits/postypes.h (is_delta=0)
2017-12-01 19:42:27.226 (   0.287s) [indexer5        ]        command_line.cc:1124     0| Built index update for /usr/include/c++/5/cwchar (is_delta=0)
2017-12-01 19:42:27.226 (   0.287s) [indexer2        ]        command_line.cc:1124     0| Built index update for /usr/include/wchar.h (is_delta=0)
2017-12-01 19:42:27.226 (   0.287s) [indexer5        ]        command_line.cc:1124     0| Built index update for /usr/include/c++/5/exception (is_delta=0)
2017-12-01 19:42:27.226 (   0.287s) [indexer2        ]        command_line.cc:1124     0| Built index update for /usr/include/c++/5/bits/exception_ptr.h (is_delta=0)
2017-12-01 19:42:27.226 (   0.287s) [indexer5        ]        command_line.cc:1124     0| Built index update for /usr/include/c++/5/bits/nested_exception.h (is_delta=0)
2017-12-01 19:42:27.228 (   0.288s) [indexer5        ]        command_line.cc:1124     0| Built index update for /usr/include/c++/5/bits/functexcept.h (is_delta=0)
2017-12-01 19:42:27.228 (   0.288s) [indexer2        ]        command_line.cc:1124     0| Built index update for /usr/include/c++/5/bits/stl_algobase.h (is_delta=0)
2017-12-01 19:42:27.229 (   0.289s) [indexer5        ]        command_line.cc:1124     0| Built index update for /usr/include/c++/5/bits/cpp_type_traits.h (is_delta=0)
2017-12-01 19:42:27.229 (   0.289s) [indexer2        ]        command_line.cc:1124     0| Built index update for /usr/include/c++/5/ext/type_traits.h (is_delta=0)
2017-12-01 19:42:27.229 (   0.289s) [indexer1        ]        command_line.cc:1124     0| Built index update for /usr/include/c++/5/ext/numeric_traits.h (is_delta=0)
2017-12-01 19:42:27.229 (   0.289s) [indexer3        ]        command_line.cc:1124     0| Built index update for /usr/include/c++/5/bits/char_traits.h (is_delta=0)
2017-12-01 19:42:27.230 (   0.290s) [indexer5        ]        command_line.cc:1124     0| Built index update for /usr/include/c++/5/bits/stl_pair.h (is_delta=0)
2017-12-01 19:42:27.230 (   0.290s) [indexer5        ]        command_line.cc:1124     0| Built index update for /usr/include/c++/5/bits/move.h (is_delta=0)
2017-12-01 19:42:27.230 (   0.291s) [indexer5        ]        command_line.cc:1124     0| Built index update for /usr/include/c++/5/bits/concept_check.h (is_delta=0)
2017-12-01 19:42:27.231 (   0.291s) [indexer2        ]        command_line.cc:1124     0| Built index update for /usr/include/c++/5/bits/stl_iterator_base_types.h (is_delta=0)
2017-12-01 19:42:27.231 (   0.291s) [indexer2        ]        command_line.cc:1124     0| Built index update for /usr/include/c++/5/bits/stl_iterator_base_funcs.h (is_delta=0)
2017-12-01 19:42:27.232 (   0.292s) [indexer5        ]        command_line.cc:1124     0| Built index update for /usr/include/c++/5/type_traits (is_delta=0)
2017-12-01 19:42:27.232 (   0.292s) [indexer2        ]        command_line.cc:1124     0| Built index update for /usr/include/c++/5/bits/stl_iterator.h (is_delta=0)
2017-12-01 19:42:27.233 (   0.293s) [indexer5        ]        command_line.cc:1124     0| Built index update for /usr/include/c++/5/cstdint (is_delta=0)
2017-12-01 19:42:27.233 (   0.293s) [indexer2        ]        command_line.cc:1124     0| Built index update for /usr/include/c++/5/bits/ptr_traits.h (is_delta=0)
2017-12-01 19:42:27.233 (   0.293s) [indexer1        ]        command_line.cc:1124     0| Built index update for /usr/include/x86_64-linux-gnu/c++/5/bits/c++locale.h (is_delta=0)
2017-12-01 19:42:27.233 (   0.293s) [indexer5        ]        command_line.cc:1124     0| Built index update for /usr/include/c++/5/bits/localefwd.h (is_delta=0)
2017-12-01 19:42:27.233 (   0.293s) [indexer1        ]        command_line.cc:1124     0| Built index update for /usr/include/c++/5/clocale (is_delta=0)
2017-12-01 19:42:27.233 (   0.293s) [indexer1        ]        command_line.cc:1124     0| Built index update for /usr/include/c++/5/cctype (is_delta=0)
2017-12-01 19:42:27.233 (   0.293s) [indexer5        ]        command_line.cc:1124     0| Built index update for /usr/include/locale.h (is_delta=0)
2017-12-01 19:42:27.233 (   0.293s) [indexer5        ]        command_line.cc:1124     0| Built index update for /usr/include/c++/5/ext/atomicity.h (is_delta=0)
2017-12-01 19:42:27.233 (   0.293s) [indexer5        ]        command_line.cc:1124     0| Built index update for /usr/include/x86_64-linux-gnu/c++/5/bits/gthr.h (is_delta=0)
2017-12-01 19:42:27.233 (   0.294s) [indexer1        ]        command_line.cc:1124     0| Built index update for /usr/include/c++/5/bits/ios_base.h (is_delta=0)
2017-12-01 19:42:27.237 (   0.297s) [indexer5        ]        command_line.cc:1124     0| Built index update for /usr/include/x86_64-linux-gnu/c++/5/bits/gthr-default.h (is_delta=0)
2017-12-01 19:42:27.237 (   0.298s) [indexer5        ]        command_line.cc:1124     0| Built index update for /usr/include/sched.h (is_delta=0)
2017-12-01 19:42:27.237 (   0.298s) [indexer2        ]        command_line.cc:1124     0| Built index update for /usr/include/pthread.h (is_delta=0)
2017-12-01 19:42:27.237 (   0.298s) [indexer5        ]        command_line.cc:1124     0| Built index update for /usr/include/x86_64-linux-gnu/bits/timex.h (is_delta=0)
2017-12-01 19:42:27.237 (   0.298s) [indexer5        ]        command_line.cc:1124     0| Built index update for /usr/include/x86_64-linux-gnu/bits/setjmp.h (is_delta=0)
2017-12-01 19:42:27.238 (   0.298s) [indexer2        ]        command_line.cc:1124     0| Built index update for /usr/include/c++/5/string (is_delta=0)
2017-12-01 19:42:27.238 (   0.298s) [indexer5        ]        command_line.cc:1124     0| Built index update for /usr/include/c++/5/bits/locale_classes.h (is_delta=0)
2017-12-01 19:42:27.238 (   0.298s) [indexer2        ]        command_line.cc:1124     0| Built index update for /usr/include/c++/5/bits/allocator.h (is_delta=0)
2017-12-01 19:42:27.238 (   0.298s) [indexer5        ]        command_line.cc:1124     0| Built index update for /usr/include/x86_64-linux-gnu/c++/5/bits/c++allocator.h (is_delta=0)
2017-12-01 19:42:27.238 (   0.298s) [indexer5        ]        command_line.cc:1124     0| Built index update for /usr/include/c++/5/new (is_delta=0)
2017-12-01 19:42:27.238 (   0.299s) [indexer2        ]        command_line.cc:1124     0| Built index update for /usr/include/c++/5/ext/new_allocator.h (is_delta=0)
2017-12-01 19:42:27.238 (   0.299s) [indexer5        ]        command_line.cc:1124     0| Built index update for /usr/include/c++/5/bits/ostream_insert.h (is_delta=0)
2017-12-01 19:42:27.239 (   0.299s) [indexer2        ]        command_line.cc:1124     0| Built index update for /usr/include/c++/5/bits/range_access.h (is_delta=0)
2017-12-01 19:42:27.239 (   0.299s) [indexer2        ]        command_line.cc:1124     0| Built index update for /usr/include/c++/5/initializer_list (is_delta=0)
2017-12-01 19:42:27.239 (   0.299s) [indexer5        ]        command_line.cc:1124     0| Built index update for /usr/include/c++/5/bits/stl_function.h (is_delta=0)
2017-12-01 19:42:27.240 (   0.300s) [indexer1        ]        command_line.cc:1124     0| Built index update for /usr/include/c++/5/ext/alloc_traits.h (is_delta=0)
2017-12-01 19:42:27.240 (   0.300s) [indexer1        ]        command_line.cc:1124     0| Built index update for /usr/include/c++/5/ext/string_conversions.h (is_delta=0)
2017-12-01 19:42:27.240 (   0.300s) [indexer1        ]        command_line.cc:1124     0| Built index update for /usr/include/c++/5/cstdlib (is_delta=0)
2017-12-01 19:42:27.240 (   0.300s) [indexer1        ]        command_line.cc:1124     0| Built index update for /usr/include/c++/5/cstdio (is_delta=0)
2017-12-01 19:42:27.240 (   0.300s) [indexer1        ]        command_line.cc:1124     0| Built index update for /usr/include/c++/5/cerrno (is_delta=0)
2017-12-01 19:42:27.240 (   0.300s) [indexer1        ]        command_line.cc:1124     0| Built index update for /usr/include/errno.h (is_delta=0)
2017-12-01 19:42:27.240 (   0.300s) [indexer1        ]        command_line.cc:1124     0| Built index update for /usr/include/x86_64-linux-gnu/bits/errno.h (is_delta=0)
2017-12-01 19:42:27.240 (   0.300s) [indexer5        ]        command_line.cc:1124     0| Built index update for /usr/include/c++/5/bits/alloc_traits.h (is_delta=0)
2017-12-01 19:42:27.240 (   0.301s) [indexer2        ]        command_line.cc:1124     0| Built index update for /usr/include/c++/5/bits/basic_string.h (is_delta=0)
2017-12-01 19:42:27.240 (   0.301s) [indexer1        ]        command_line.cc:1124     0| Built index update for /usr/include/linux/errno.h (is_delta=0)
2017-12-01 19:42:27.241 (   0.301s) [indexer1        ]        command_line.cc:1124     0| Built index update for /usr/include/asm-generic/errno.h (is_delta=0)
2017-12-01 19:42:27.241 (   0.301s) [indexer5        ]        command_line.cc:1124     0| Built index update for /usr/include/x86_64-linux-gnu/asm/errno.h (is_delta=0)
2017-12-01 19:42:27.241 (   0.301s) [indexer5        ]        command_line.cc:1124     0| Built index update for /usr/include/c++/5/bits/hash_bytes.h (is_delta=0)
2017-12-01 19:42:27.241 (   0.301s) [indexer1        ]        command_line.cc:1124     0| Built index update for /usr/include/c++/5/bits/functional_hash.h (is_delta=0)
2017-12-01 19:42:27.241 (   0.301s) [indexer5        ]        command_line.cc:1124     0| Built index update for /usr/include/c++/5/bits/basic_string.tcc (is_delta=0)
2017-12-01 19:42:27.241 (   0.301s) [indexer1        ]        command_line.cc:1124     0| Built index update for /usr/include/c++/5/system_error (is_delta=0)
2017-12-01 19:42:27.241 (   0.301s) [indexer2        ]        command_line.cc:1124     0| Built index update for /usr/include/x86_64-linux-gnu/c++/5/bits/error_constants.h (is_delta=0)
2017-12-01 19:42:27.241 (   0.302s) [indexer2        ]        command_line.cc:1124     0| Built index update for /usr/include/c++/5/stdexcept (is_delta=0)
2017-12-01 19:42:27.241 (   0.302s) [indexer5        ]        command_line.cc:1124     0| Built index update for /usr/include/c++/5/bits/basic_ios.h (is_delta=0)
2017-12-01 19:42:27.242 (   0.302s) [indexer5        ]        command_line.cc:1124     0| Built index update for /usr/include/c++/5/cwctype (is_delta=0)
2017-12-01 19:42:27.242 (   0.302s) [indexer1        ]        command_line.cc:1124     0| Built index update for /usr/include/c++/5/streambuf (is_delta=0)
2017-12-01 19:42:27.242 (   0.302s) [indexer5        ]        command_line.cc:1124     0| Built index update for /usr/include/wctype.h (is_delta=0)
2017-12-01 19:42:27.242 (   0.302s) [indexer5        ]        command_line.cc:1124     0| Built index update for /usr/include/c++/5/bits/ostream.tcc (is_delta=0)
2017-12-01 19:42:27.242 (   0.302s) [indexer1        ]        command_line.cc:1124     0| Built index update for /usr/include/c++/5/bits/streambuf_iterator.h (is_delta=0)
2017-12-01 19:42:27.242 (   0.303s) [indexer5        ]        command_line.cc:1124     0| Built index update for /usr/include/c++/5/istream (is_delta=0)
2017-12-01 19:42:27.242 (   0.303s) [indexer1        ]        command_line.cc:1124     0| Built index update for /usr/include/c++/5/bits/istream.tcc (is_delta=0)
2017-12-01 19:42:27.242 (   0.303s) [indexer5        ]        command_line.cc:1124     0| Built index update for /usr/include/x86_64-linux-gnu/bits/sigset.h (is_delta=0)
2017-12-01 19:42:27.243 (   0.303s) [indexer2        ]        command_line.cc:1124     0| Built index update for /usr/include/c++/5/bits/locale_facets.h (is_delta=0)
2017-12-01 19:42:27.243 (   0.303s) [indexer5        ]        command_line.cc:1124     0| Built index update for /usr/include/x86_64-linux-gnu/bits/sys_errlist.h (is_delta=0)
2017-12-01 19:42:27.243 (   0.303s) [indexer5        ]        command_line.cc:1124     0| Built index update for /usr/include/x86_64-linux-gnu/bits/stdio.h (is_delta=0)
2017-12-01 19:42:27.243 (   0.303s) [indexer1        ]        command_line.cc:1124     0| Built index update for /usr/include/x86_64-linux-gnu/bits/waitflags.h (is_delta=0)
2017-12-01 19:42:27.243 (   0.303s) [indexer5        ]        command_line.cc:1124     0| Built index update for /usr/include/xlocale.h (is_delta=0)
2017-12-01 19:42:27.243 (   0.303s) [indexer1        ]        command_line.cc:1124     0| Built index update for /usr/include/x86_64-linux-gnu/bits/stdlib-bsearch.h (is_delta=0)
2017-12-01 19:42:27.243 (   0.303s) [indexer5        ]        command_line.cc:1124     0| Built index update for /usr/include/x86_64-linux-gnu/bits/stdlib-float.h (is_delta=0)
2017-12-01 19:42:27.243 (   0.304s) [indexer5        ]        command_line.cc:1124     0| Built index update for /usr/include/x86_64-linux-gnu/bits/mathdef.h (is_delta=0)
2017-12-01 19:42:27.244 (   0.304s) [indexer2        ]        command_line.cc:1124     0| Built index update for /usr/include/x86_64-linux-gnu/bits/mathinline.h (is_delta=0)
2017-12-01 19:42:27.244 (   0.304s) [indexer1        ]        command_line.cc:1124     0| Built index update for /usr/include/c++/5/debug/debug.h (is_delta=0)
2017-12-01 19:42:27.244 (   0.304s) [querydb         ]               timer.cc:38       0| Applying index update for /usr/include/c++/5/cstdlib took 0.16ms
2017-12-01 19:42:27.244 (   0.304s) [querydb         ]               timer.cc:38       0| Applying index update for /usr/include/c++/5/cstdio took 0.1ms
2017-12-01 19:42:27.244 (   0.304s) [querydb         ]               timer.cc:38       0| Applying index update for /usr/include/c++/5/cerrno took 0.1ms
2017-12-01 19:42:27.244 (   0.304s) [querydb         ]               timer.cc:38       0| Applying index update for /usr/include/errno.h took 0.5ms
2017-12-01 19:42:27.244 (   0.304s) [querydb         ]               timer.cc:38       0| Applying index update for /usr/include/x86_64-linux-gnu/bits/errno.h took 0.3ms
2017-12-01 19:42:27.244 (   0.304s) [querydb         ]               timer.cc:38       0| Applying index update for /usr/include/c++/5/bits/alloc_traits.h took 0.196ms
2017-12-01 19:42:27.244 (   0.304s) [indexer2        ]        command_line.cc:1124     0| Built index update for /usr/include/c++/5/bits/predefined_ops.h (is_delta=0)
2017-12-01 19:42:27.244 (   0.304s) [indexer1        ]        command_line.cc:1124     0| Built index update for /usr/include/x86_64-linux-gnu/bits/sched.h (is_delta=0)
2017-12-01 19:42:27.244 (   0.304s) [indexer5        ]        command_line.cc:1124     0| Built index update for /usr/include/x86_64-linux-gnu/bits/mathcalls.h (is_delta=0)
2017-12-01 19:42:27.244 (   0.304s) [querydb         ]               timer.cc:38       0| Applying index update for /usr/include/linux/errno.h took 0.2ms
2017-12-01 19:42:27.244 (   0.304s) [querydb         ]               timer.cc:38       0| Applying index update for /usr/include/asm-generic/errno.h took 0.1ms
2017-12-01 19:42:27.244 (   0.304s) [querydb         ]               timer.cc:38       0| Applying index update for /usr/include/x86_64-linux-gnu/asm/errno.h took 0.1ms
2017-12-01 19:42:27.244 (   0.304s) [querydb         ]               timer.cc:38       0| Applying index update for /usr/include/c++/5/bits/hash_bytes.h took 0.4ms
2017-12-01 19:42:27.244 (   0.304s) [querydb         ]               timer.cc:38       0| Applying index update for /usr/include/c++/5/bits/functional_hash.h took 0.68ms
2017-12-01 19:42:27.244 (   0.305s) [indexer2        ]        command_line.cc:1124     0| Built index update for /usr/include/x86_64-linux-gnu/c++/5/bits/atomic_word.h (is_delta=0)
2017-12-01 19:42:27.244 (   0.305s) [querydb         ]               timer.cc:38       0| Applying index update for /usr/include/c++/5/bits/basic_string.tcc took 0.203ms
2017-12-01 19:42:27.244 (   0.305s) [indexer2        ]        command_line.cc:1124     0| Built index update for /usr/include/c++/5/bits/cxxabi_forced.h (is_delta=0)
2017-12-01 19:42:27.244 (   0.305s) [indexer5        ]        command_line.cc:1124     0| Built index update for /usr/include/c++/5/backward/binders.h (is_delta=0)
2017-12-01 19:42:27.245 (   0.305s) [indexer1        ]        command_line.cc:1124     0| Built index update for /usr/include/c++/5/bits/streambuf.tcc (is_delta=0)
2017-12-01 19:42:27.245 (   0.305s) [indexer5        ]        command_line.cc:1124     0| Built index update for /usr/include/x86_64-linux-gnu/c++/5/bits/ctype_base.h (is_delta=0)
2017-12-01 19:42:27.245 (   0.305s) [indexer2        ]        command_line.cc:1124     0| Built index update for /usr/include/c++/5/bits/locale_classes.tcc (is_delta=0)
2017-12-01 19:42:27.245 (   0.305s) [indexer5        ]        command_line.cc:1124     0| Built index update for /usr/include/x86_64-linux-gnu/c++/5/bits/ctype_inline.h (is_delta=0)
2017-12-01 19:42:27.245 (   0.305s) [querydb         ]               timer.cc:38       0| Applying index update for /usr/include/x86_64-linux-gnu/c++/5/bits/error_constants.h took 0.90ms
2017-12-01 19:42:27.245 (   0.305s) [indexer2        ]        command_line.cc:1124     0| Built index update for /usr/include/c++/5/bits/basic_ios.tcc (is_delta=0)
2017-12-01 19:42:27.245 (   0.305s) [querydb         ]               timer.cc:38       0| Applying index update for /usr/include/c++/5/system_error took 0.165ms
2017-12-01 19:42:27.245 (   0.305s) [querydb         ]               timer.cc:38       0| Applying index update for /usr/include/c++/5/cwctype took 0.2ms
2017-12-01 19:42:27.245 (   0.306s) [querydb         ]               timer.cc:38       0| Applying index update for /usr/include/c++/5/streambuf took 0.117ms
2017-12-01 19:42:27.245 (   0.306s) [querydb         ]               timer.cc:38       0| Applying index update for /usr/include/c++/5/istream took 0.154ms
2017-12-01 19:42:27.246 (   0.306s) [querydb         ]               timer.cc:38       0| Applying index update for /usr/include/x86_64-linux-gnu/bits/sys_errlist.h took 0.7ms
2017-12-01 19:42:27.246 (   0.306s) [querydb         ]               timer.cc:38       0| Applying index update for /usr/include/x86_64-linux-gnu/bits/stdio.h took 0.42ms
2017-12-01 19:42:27.246 (   0.306s) [indexer1        ]        command_line.cc:1124     0| Built index update for /usr/include/c++/5/bits/locale_facets.tcc (is_delta=0)
2017-12-01 19:42:27.246 (   0.306s) [querydb         ]               timer.cc:38       0| Applying index update for /usr/include/c++/5/bits/locale_facets.h took 0.438ms
2017-12-01 19:42:27.247 (   0.307s) [querydb         ]               timer.cc:38       0| Applying index update for /usr/include/c++/5/bits/locale_facets.tcc took 0.200ms
2017-12-01 19:42:27.253 (   0.313s) [querydb         ]               timer.cc:38       0| Applying index update for /usr/include/c++/5/ios, /usr/include/c++/5/iosfwd, /usr/include/c++/5/exception, /usr/include/c++/5/bits/nested_exception.h, /usr/include/c++/5/bits/stl_algobase.h, /usr/include/c++/5/bits/stl_pair.h, /usr/include/c++/5/bits/concept_check.h, /usr/include/c++/5/bits/stl_iterator_base_funcs.h, /usr/include/c++/5/bits/stl_iterator.h, /usr/include/c++/5/bits/ptr_traits.h, /usr/include/c++/5/bits/localefwd.h, /usr/include/c++/5/cctype, /usr/include/x86_64-linux-gnu/c++/5/bits/gthr.h, /usr/include/c++/5/bits/char_traits.h, /usr/include/SDL2/SDL_image.h, /usr/include/c++/5/iostream, /usr/include/c++/5/bits/stringfwd.h, /usr/include/c++/5/bits/memoryfwd.h, /usr/include/c++/5/ostream, /usr/include/c++/5/bits/postypes.h, /usr/include/c++/5/cwchar, /usr/include/wchar.h, /usr/include/c++/5/bits/exception_ptr.h, /usr/include/c++/5/bits/functexcept.h, /usr/include/c++/5/bits/cpp_type_traits.h, /usr/include/c++/5/ext/type_traits.h, /usr/include/c++/5/bits/move.h, /usr/include/c++/5/bits/stl_iterator_base_types.h, /usr/include/c++/5/type_traits, /usr/include/c++/5/clocale, /usr/include/c++/5/bits/ios_base.h, /usr/include/x86_64-linux-gnu/c++/5/bits/gthr-default.h, /usr/include/x86_64-linux-gnu/bits/setjmp.h, /usr/include/c++/5/new, /usr/include/c++/5/ext/alloc_traits.h, /usr/include/c++/5/bits/basic_string.h, /usr/include/c++/5/bits/basic_ios.h, /usr/include/x86_64-linux-gnu/bits/waitflags.h, /usr/include/c++/5/bits/streambuf.tcc, /usr/include/x86_64-linux-gnu/bits/sched.h, /usr/include/c++/5/backward/binders.h, /usr/include/c++/5/bits/locale_classes.tcc, /usr/include/x86_64-linux-gnu/c++/5/bits/ctype_inline.h, /usr/include/c++/5/bits/basic_ios.tcc took 3.3794ms
2017-12-01 19:42:27.254 (   0.315s) [querydb         ]               timer.cc:38       0| Update WorkingFile index contents (via disk load) for /home/jonas/shadermania/src/main.cc took 0.102ms
2017-12-01 19:42:27.258 (   0.319s) [querydb         ]               timer.cc:38       0| Applying index update for /usr/include/c++/5/bits/predefined_ops.h, /usr/include/x86_64-linux-gnu/bits/mathcalls.h, /usr/include/wctype.h, /usr/include/c++/5/bits/ostream.tcc, /usr/include/c++/5/bits/streambuf_iterator.h, /usr/include/x86_64-linux-gnu/bits/sigset.h, /usr/include/c++/5/bits/istream.tcc, /usr/include/xlocale.h, /usr/include/x86_64-linux-gnu/bits/stdlib-bsearch.h, /usr/include/x86_64-linux-gnu/bits/stdlib-float.h, /usr/include/x86_64-linux-gnu/bits/mathinline.h, /usr/include/c++/5/debug/debug.h, /usr/include/x86_64-linux-gnu/c++/5/bits/atomic_word.h, /usr/include/c++/5/bits/cxxabi_forced.h, /usr/include/x86_64-linux-gnu/c++/5/bits/ctype_base.h, /home/jonas/shadermania/src/main.cc, /usr/include/GL/gl.h, /usr/include/features.h, /usr/include/x86_64-linux-gnu/sys/cdefs.h, /usr/include/inttypes.h, /usr/include/x86_64-linux-gnu/gnu/stubs.h, /usr/include/SDL2/SDL.h, /usr/include/stdint.h, /usr/include/SDL2/SDL_main.h, /usr/include/SDL2/SDL_config.h, /usr/include/time.h, /usr/include/x86_64-linux-gnu/bits/byteswap.h, /usr/include/x86_64-linux-gnu/bits/time.h, /usr/include/stdio.h, /usr/include/SDL2/SDL_error.h, /usr/include/SDL2/SDL_audio.h, /usr/include/SDL2/SDL_thread.h, /usr/include/SDL2/SDL_rwops.h, /usr/include/SDL2/SDL_video.h, /usr/include/SDL2/SDL_rect.h, /usr/include/SDL2/SDL_surface.h, /usr/include/SDL2/SDL_keycode.h, /usr/include/SDL2/SDL_platform.h, /usr/include/x86_64-linux-gnu/sys/types.h, /usr/include/SDL2/SDL_stdinc.h, /usr/include/endian.h, /usr/include/x86_64-linux-gnu/bits/types.h, /usr/include/x86_64-linux-gnu/bits/select.h, /usr/include/x86_64-linux-gnu/sys/select.h, /usr/include/x86_64-linux-gnu/sys/sysmacros.h, /usr/include/x86_64-linux-gnu/bits/pthreadtypes.h, /usr/include/_G_config.h, /usr/include/libio.h, /usr/include/x86_64-linux-gnu/bits/waitstatus.h, /usr/include/alloca.h, /usr/include/string.h, /usr/include/stdlib.h, /usr/include/math.h, /usr/include/ctype.h, /usr/include/x86_64-linux-gnu/bits/math-vector.h, /usr/include/iconv.h, /usr/include/SDL2/SDL_assert.h, /usr/include/SDL2/SDL_atomic.h, /usr/include/SDL2/SDL_endian.h, /usr/include/SDL2/SDL_mutex.h, /usr/include/SDL2/SDL_clipboard.h, /usr/include/SDL2/SDL_cpuinfo.h, /usr/include/SDL2/SDL_events.h, /usr/include/SDL2/SDL_blendmode.h, /usr/include/SDL2/SDL_keyboard.h, /usr/include/SDL2/SDL_mouse.h, /usr/include/SDL2/SDL_joystick.h, /usr/include/SDL2/SDL_gamecontroller.h, /usr/include/SDL2/SDL_pixels.h, /usr/include/SDL2/SDL_quit.h, /usr/include/SDL2/SDL_gesture.h, /usr/include/SDL2/SDL_filesystem.h, /usr/include/SDL2/SDL_touch.h, /usr/include/SDL2/SDL_hints.h, /usr/include/SDL2/SDL_loadso.h, /usr/include/SDL2/SDL_log.h, /usr/include/SDL2/SDL_haptic.h, /usr/include/SDL2/SDL_messagebox.h, /usr/include/SDL2/SDL_scancode.h, /usr/include/SDL2/SDL_power.h, /usr/include/SDL2/SDL_version.h, /usr/include/SDL2/SDL_render.h, /usr/include/c++/5/cstdint, /usr/include/locale.h, /usr/include/SDL2/SDL_system.h, /usr/include/SDL2/SDL_timer.h, /usr/include/GL/glext.h, /usr/include/c++/5/ext/numeric_traits.h, /usr/include/x86_64-linux-gnu/c++/5/bits/c++locale.h, /usr/include/c++/5/ext/atomicity.h, /usr/include/c++/5/bits/stl_function.h, /usr/include/x86_64-linux-gnu/c++/5/bits/c++config.h, /usr/include/x86_64-linux-gnu/c++/5/bits/os_defines.h, /usr/include/sched.h, /usr/include/x86_64-linux-gnu/bits/timex.h, /usr/include/pthread.h, /usr/include/c++/5/string, /usr/include/c++/5/bits/locale_classes.h, /usr/include/c++/5/bits/allocator.h, /usr/include/x86_64-linux-gnu/c++/5/bits/c++allocator.h, /usr/include/c++/5/bits/ostream_insert.h, /usr/include/c++/5/ext/new_allocator.h, /usr/include/c++/5/bits/range_access.h, /usr/include/c++/5/initializer_list, /usr/include/c++/5/ext/string_conversions.h, /usr/include/c++/5/stdexcept, /usr/include/x86_64-linux-gnu/bits/mathdef.h took 4.4034ms
2017-12-01 19:42:27.259 (   0.319s) [stdout          ]               timer.cc:38       0| [e2e] Running $cquery/publishSemanticHighlighting took 0.1ms
2017-12-01 19:42:27.538 (   0.598s) [indexer4        ]        command_line.cc:1006     0| Emitting index result for /home/jonas/shadermania/src/main.cc
2017-12-01 19:42:27.546 (   0.606s) [indexer0        ]        command_line.cc:1124     0| Built index update for /home/jonas/shadermania/src/main.cc (is_delta=1)
2017-12-01 19:42:27.546 (   0.606s) [indexer0        ]        command_line.cc:1129     0| Writing cached index to disk for /home/jonas/shadermania/src/main.cc
2017-12-01 19:42:27.547 (   0.607s) [querydb         ]               timer.cc:38       0| Update WorkingFile index contents (via disk load) for /home/jonas/shadermania/src/main.cc took 0.88ms
2017-12-01 19:42:27.547 (   0.607s) [querydb         ]               timer.cc:38       0| Applying index update for /home/jonas/shadermania/src/main.cc took 0.2ms
2017-12-01 19:42:27.547 (   0.607s) [stdout          ]               timer.cc:38       0| [e2e] Running $cquery/publishSemanticHighlighting took 288.287815ms
2017-12-01 19:42:47.558 (  20.618s) [querydb         ]               timer.cc:38       0| [querydb] Loading cached index file for DidOpen (blocks CodeLens) took 0.187ms
2017-12-01 19:42:47.558 (  20.619s) [stdout          ]               timer.cc:38       0| [e2e] Running $cquery/publishSemanticHighlighting took 20299.20279299ms
2017-12-01 19:42:47.559 (  20.619s) [indexer3        ]        command_line.cc:952      0| Parsing /home/jonas/shadermania/src/main.cc
2017-12-01 19:42:49.474 (  22.535s) [completequery   ]               timer.cc:38       0| [complete] TryEnsureDocumentParsed took 0.1ms
2017-12-01 19:42:49.476 (  22.536s) [stdout          ]               timer.cc:38       0| [e2e] Running textDocument/documentHighlight took 0.585ms
2017-12-01 19:42:49.479 (  22.540s) [stdout          ]               timer.cc:38       0| [e2e] Running textDocument/codeAction took 0.688ms
2017-12-01 19:42:49.480 (  22.540s) [stdout          ]               timer.cc:38       0| [e2e] Running textDocument/hover took 0.742ms
2017-12-01 19:42:49.489 (  22.549s) [completequery   ]               timer.cc:38       0| [complete] clang_reparseTranslationUnit took 14.14298ms
2017-12-01 19:42:51.452 (  24.513s) [stdout          ]               timer.cc:38       0| [e2e] Running textDocument/documentHighlight took 0.399ms
2017-12-01 19:42:51.455 (  24.515s) [stdout          ]               timer.cc:38       0| [e2e] Running textDocument/codeAction took 0.675ms
2017-12-01 19:42:51.456 (  24.517s) [stdout          ]               timer.cc:38       0| [e2e] Running textDocument/hover took 0.598ms
2017-12-01 19:42:52.285 (  25.346s) [stdout          ]               timer.cc:38       0| [e2e] Running textDocument/documentHighlight took 0.801ms
2017-12-01 19:42:52.288 (  25.348s) [stdout          ]               timer.cc:38       0| [e2e] Running textDocument/codeAction took 0.650ms
2017-12-01 19:42:53.767 (  26.827s) [stdout          ]               timer.cc:38       0| [e2e] Running textDocument/documentHighlight took 0.662ms
2017-12-01 19:42:53.771 (  26.831s) [stdout          ]               timer.cc:38       0| [e2e] Running textDocument/codeAction took 0.826ms
2017-12-01 19:42:53.771 (  26.832s) [stdout          ]               timer.cc:38       0| [e2e] Running textDocument/hover took 0.521ms
2017-12-01 19:47:32.764 ( 305.824s) [stdout          ]               timer.cc:38       0| [e2e] Running textDocument/documentHighlight took 0.826ms
2017-12-01 19:47:32.767 ( 305.828s) [stdout          ]               timer.cc:38       0| [e2e] Running textDocument/codeAction took 1.1042ms
2017-12-01 19:47:32.787 ( 305.848s) [stdout          ]               timer.cc:38       0| [e2e] Running textDocument/hover took 20.20416ms
2017-12-01 19:47:33.828 ( 306.888s) [completequery   ]               timer.cc:38       0| [complete] TryEnsureDocumentParsed took 0.0ms
2017-12-01 19:47:34.122 ( 307.183s) [completequery   ]               timer.cc:38       0| [complete] clang_reparseTranslationUnit took 294.293909ms
2017-12-01 19:47:34.333 ( 307.394s) [stdin           ] language_server_api.cc:163    ERR| Unable to find registered handler for method "textDocument/willSave"

2017-12-01 19:47:34.347 ( 307.408s) [completeparse   ]      clang_complete.cc:288      0| Creating completion session with arguments /usr/bin/c++, -I/usr/include/SDL2, -I/usr/lib/x86_64-linux-gnu/mesa/libGL.so.1.2.0, -std=c++14, -O2, -Wall, -Wunused-variable, -Wunused-parameter, -Wextra, -Wold-style-cast, -Woverloaded-virtual, -pedantic, -g, -xc++, -resource-dir=~/cquery/clang_resource_dir, -fparse-all-comments, -fspell-checking
2017-12-01 19:47:34.349 ( 307.409s) [indexer0        ]        command_line.cc:952      0| Parsing /home/jonas/shadermania/src/main.cc
2017-12-01 19:47:34.591 ( 307.651s) [indexer0        ]        command_line.cc:1006     0| Emitting index result for /home/jonas/shadermania/src/main.cc
2017-12-01 19:47:34.592 ( 307.652s) [indexer2        ]        command_line.cc:1124     0| Built index update for /home/jonas/shadermania/src/main.cc (is_delta=1)
2017-12-01 19:47:34.592 ( 307.652s) [indexer2        ]        command_line.cc:1129     0| Writing cached index to disk for /home/jonas/shadermania/src/main.cc
2017-12-01 19:47:34.593 ( 307.653s) [querydb         ]               timer.cc:38       0| Update WorkingFile index contents (via disk load) for /home/jonas/shadermania/src/main.cc took 0.110ms
2017-12-01 19:47:34.593 ( 307.653s) [querydb         ]               timer.cc:38       0| Applying index update for /home/jonas/shadermania/src/main.cc took 0.30ms
2017-12-01 19:47:34.593 ( 307.653s) [stdout          ]               timer.cc:38       0| [e2e] Running $cquery/publishSemanticHighlighting took 307334.307026907ms
2017-12-01 19:48:03.822 ( 336.882s) [querydb         ]      clang_complete.cc:629      0| Dropped completion-based code completion session for /home/jonas/shadermania/src/main.cc
2017-12-01 19:48:03.822 ( 336.882s) [stdin           ] language_server_api.cc:163    ERR| Unable to find registered handler for method "shutdown"

