Determining if the pthread_create exist failed with the following output:
Change Dir: /home/jonas/opengl/triangle/cmake/CMakeFiles/CMakeTmp

Run Build Command:"/usr/bin/make" "cmTC_976d4/fast"
/usr/bin/make -f CMakeFiles/cmTC_976d4.dir/build.make CMakeFiles/cmTC_976d4.dir/build
make[1]: Entering directory '/home/jonas/opengl/triangle/cmake/CMakeFiles/CMakeTmp'
Building C object CMakeFiles/cmTC_976d4.dir/CheckSymbolExists.c.o
/usr/bin/cc     -o CMakeFiles/cmTC_976d4.dir/CheckSymbolExists.c.o   -c /home/jonas/opengl/triangle/cmake/CMakeFiles/CMakeTmp/CheckSymbolExists.c
Linking C executable cmTC_976d4
/usr/bin/cmake -E cmake_link_script CMakeFiles/cmTC_976d4.dir/link.txt --verbose=1
/usr/bin/cc       CMakeFiles/cmTC_976d4.dir/CheckSymbolExists.c.o  -o cmTC_976d4 
CMakeFiles/cmTC_976d4.dir/CheckSymbolExists.c.o: In function `main':
CheckSymbolExists.c:(.text+0x16): undefined reference to `pthread_create'
collect2: error: ld returned 1 exit status
CMakeFiles/cmTC_976d4.dir/build.make:97: recipe for target 'cmTC_976d4' failed
make[1]: *** [cmTC_976d4] Error 1
make[1]: Leaving directory '/home/jonas/opengl/triangle/cmake/CMakeFiles/CMakeTmp'
Makefile:126: recipe for target 'cmTC_976d4/fast' failed
make: *** [cmTC_976d4/fast] Error 2

File /home/jonas/opengl/triangle/cmake/CMakeFiles/CMakeTmp/CheckSymbolExists.c:
/* */
#include <pthread.h>

int main(int argc, char** argv)
{
  (void)argv;
#ifndef pthread_create
  return ((int*)(&pthread_create))[argc];
#else
  (void)argc;
  return 0;
#endif
}

Determining if the function pthread_create exists in the pthreads failed with the following output:
Change Dir: /home/jonas/opengl/triangle/cmake/CMakeFiles/CMakeTmp

Run Build Command:"/usr/bin/make" "cmTC_28334/fast"
/usr/bin/make -f CMakeFiles/cmTC_28334.dir/build.make CMakeFiles/cmTC_28334.dir/build
make[1]: Entering directory '/home/jonas/opengl/triangle/cmake/CMakeFiles/CMakeTmp'
Building C object CMakeFiles/cmTC_28334.dir/CheckFunctionExists.c.o
/usr/bin/cc    -DCHECK_FUNCTION_EXISTS=pthread_create   -o CMakeFiles/cmTC_28334.dir/CheckFunctionExists.c.o   -c /usr/share/cmake-3.5/Modules/CheckFunctionExists.c
Linking C executable cmTC_28334
/usr/bin/cmake -E cmake_link_script CMakeFiles/cmTC_28334.dir/link.txt --verbose=1
/usr/bin/cc   -DCHECK_FUNCTION_EXISTS=pthread_create    CMakeFiles/cmTC_28334.dir/CheckFunctionExists.c.o  -o cmTC_28334 -lpthreads 
/usr/bin/ld: cannot find -lpthreads
collect2: error: ld returned 1 exit status
CMakeFiles/cmTC_28334.dir/build.make:97: recipe for target 'cmTC_28334' failed
make[1]: *** [cmTC_28334] Error 1
make[1]: Leaving directory '/home/jonas/opengl/triangle/cmake/CMakeFiles/CMakeTmp'
Makefile:126: recipe for target 'cmTC_28334/fast' failed
make: *** [cmTC_28334/fast] Error 2


